<?xml version="1.0" encoding="UTF-8"?>
<!-- Generated by org.testng.reporters.JUnitReportReporter -->
<testsuite hostname="DESKTOP-IGBPCA6" failures="0" tests="2" name="SagarAcademy.errorMessage" time="16.602" errors="0" timestamp="2024-10-10T17:36:51 IST" skipped="0">
  <testcase classname="SagarAcademy.errorMessage" name="validationErrorMessage" time="10.491"/>
  <testcase classname="SagarAcademy.errorMessage" name="validationErrorMessage" time="6.111"/>
</testsuite> <!-- SagarAcademy.errorMessage -->
