<?xml version="1.0" encoding="UTF-8"?>
<!-- Generated by org.testng.reporters.JUnitReportReporter -->
<testsuite hostname="DESKTOP-IGBPCA6" failures="0" tests="1" name="SagarAcademy.errorMessage" time="3.502" errors="0" timestamp="2024-10-09T12:59:11 IST" skipped="0">
  <testcase classname="SagarAcademy.errorMessage" name="validationErrorMessage" time="3.502"/>
</testsuite> <!-- SagarAcademy.errorMessage -->
