<?xml version="1.0" encoding="UTF-8"?>
<!-- Generated by org.testng.reporters.JUnitReportReporter -->
<testsuite hostname="DESKTOP-IGBPCA6" failures="0" tests="2" name="SagarAcademy.loginToCheckout" time="24.229" errors="0" timestamp="2024-10-15T10:57:21 IST" skipped="0">
  <testcase classname="SagarAcademy.loginToCheckout" name="submitOrder" time="9.647"/>
  <testcase classname="SagarAcademy.loginToCheckout" name="submitOrder" time="14.582"/>
</testsuite> <!-- SagarAcademy.loginToCheckout -->
