<?xml version="1.0" encoding="UTF-8"?>
<!-- Generated by org.testng.reporters.JUnitReportReporter -->
<testsuite hostname="DESKTOP-IGBPCA6" failures="0" tests="2" name="SagarAcademy.loginToCheckout_hashmap2_json" time="27.571" errors="0" timestamp="2024-10-15T12:39:25 IST" skipped="0">
  <testcase classname="SagarAcademy.loginToCheckout_hashmap2_json" name="submitOrder" time="13.482"/>
  <testcase classname="SagarAcademy.loginToCheckout_hashmap2_json" name="submitOrder" time="14.089"/>
</testsuite> <!-- SagarAcademy.loginToCheckout_hashmap2_json -->
